#
# A fatal error has been detected by the Java Runtime Environment:
#
#  EXCEPTION_ACCESS_VIOLATION (0xc0000005) at pc=0x000000006f38b7b0, pid=2080, tid=0x0000000000000fec
#
# JRE version: OpenJDK Runtime Environment (8.0_242-b01) (build 1.8.0_242-release-1644-b01)
# Java VM: OpenJDK 64-Bit Server VM (25.242-b01 mixed mode windows-amd64 compressed oops)
# Problematic frame:
# V  [jvm.dll+0x8b7b0]
#
# Failed to write core dump. Minidumps are not enabled by default on client versions of Windows
#
# If you would like to submit a bug report, please visit:
#   
#

---------------  T H R E A D  ---------------

Current thread (0x0000000002957000):  GCTaskThread [stack: 0x00000000124c0000,0x00000000125c0000] [id=4076]

siginfo: ExceptionCode=0xc0000005, reading address 0x0000000000000008

Registers:
RAX=0x0000000000000002, RBX=0x00000000f7049c28, RCX=0x00000000f7049c28, RDX=0x0000000000000000
RSP=0x00000000125bf738, RBP=0x0000000011e32001, RSI=0x0000000017623f40, RDI=0x00000000863f1610
R8 =0x0000000017623f40, R9 =0x0000000000000007, R10=0x0000000000000008, R11=0x00000000ef18c010
R12=0x0000000011e31f81, R13=0xf7049c38200002c2, R14=0x0000000000000000, R15=0x000000000294d9d0
RIP=0x000000006f38b7b0, EFLAGS=0x0000000000010246

Top of Stack: (sp=0x00000000125bf738)
0x00000000125bf738:   000000006f6d27b2 00000000f7049410
0x00000000125bf748:   0000000000000003 0000000017623f40
0x00000000125bf758:   00000000f8602fb4 00000000ef184020
0x00000000125bf768:   000000006f6d2efb 00000000878554d8
0x00000000125bf778:   0000000000000400 0000000000000000
0x00000000125bf788:   0000000017623f00 0000000011e31f81
0x00000000125bf798:   000000006f6d2b20 00000000ef18941c
0x00000000125bf7a8:   0000000011e32001 0000000017623f40
0x00000000125bf7b8:   00000000863f1610 00000000ef18941c
0x00000000125bf7c8:   000000006f6d36c5 00000000f70375e8
0x00000000125bf7d8:   0000000011e32001 0000000017623f40
0x00000000125bf7e8:   0000000000000003 0000000017623f40
0x00000000125bf7f8:   0000000017623f40 00000000846fc9dc
0x00000000125bf808:   000000006f3efcc7 0000000017623f40
0x00000000125bf818:   000000006f3ee3a3 0000000084772fa1
0x00000000125bf828:   0000000084772fa1 00000000863f1028 

Instructions: (pc=0x000000006f38b7b0)
0x000000006f38b790:   1c 8f 1d 00 48 8b 9c 24 c0 00 00 00 48 81 c4 b0
0x000000006f38b7a0:   00 00 00 5d c3 cc cc cc cc cc cc cc cc cc cc cc
0x000000006f38b7b0:   44 8b 42 08 4c 8b ca 45 85 c0 7e 0e 41 f6 c0 01
0x000000006f38b7c0:   75 57 41 c1 f8 03 41 8b c0 c3 79 4d 80 3d 7e 97 


Register to memory mapping:

RAX=0x0000000000000002 is an unknown value
RBX=0x00000000f7049c28 is an oop

[error occurred during error reporting (printing register info), id 0xc0000005]

Stack: [0x00000000124c0000,0x00000000125c0000],  sp=0x00000000125bf738,  free space=1021k
Native frames: (J=compiled Java code, j=interpreted, Vv=VM code, C=native code)
V  [jvm.dll+0x8b7b0]


---------------  P R O C E S S  ---------------

Java Threads: ( => current thread )
  0x0000000028671800 JavaThread "Cache worker for Java compile cache (C:\Users\ASUS\AndroidStudioProjects\MyChat\.gradle\6.5\javaCompile)" [_thread_blocked, id=7732, stack(0x00000000605b0000,0x00000000606b0000)]
  0x000000002866d800 JavaThread "WorkerExecutor Queue Thread 4" [_thread_blocked, id=4656, stack(0x00000000604b0000,0x00000000605b0000)]
  0x0000000028672000 JavaThread "WorkerExecutor Queue Thread 3" [_thread_blocked, id=1712, stack(0x00000000603b0000,0x00000000604b0000)]
  0x000000002866d000 JavaThread "stdout" [_thread_in_native, id=5156, stack(0x00000000602b0000,0x00000000603b0000)]
  0x0000000028670800 JavaThread "stderr" [_thread_in_native, id=248, stack(0x00000000601b0000,0x00000000602b0000)]
  0x0000000028670000 JavaThread "stdout" [_thread_in_native, id=3880, stack(0x00000000600b0000,0x00000000601b0000)]
  0x000000002866f000 JavaThread "stderr" [_thread_in_native, id=6228, stack(0x000000005ffb0000,0x00000000600b0000)]
  0x000000002866e800 JavaThread "pool-53-thread-1" [_thread_blocked, id=4640, stack(0x000000005fdb0000,0x000000005feb0000)]
  0x0000000019884000 JavaThread "WorkerExecutor Queue" [_thread_blocked, id=7408, stack(0x000000005fcb0000,0x000000005fdb0000)]
  0x000000001988a000 JavaThread "Cache worker for execution history cache (C:\Users\ASUS\AndroidStudioProjects\MyChat\.gradle\6.5\executionHistory)" [_thread_blocked, id=6800, stack(0x000000005fbb0000,0x000000005fcb0000)]
  0x0000000019888000 JavaThread "Execution worker for ':' Thread 3" [_thread_blocked, id=3832, stack(0x000000005fab0000,0x000000005fbb0000)]
  0x0000000019887000 JavaThread "Execution worker for ':' Thread 2" [_thread_blocked, id=7664, stack(0x000000005f9b0000,0x000000005fab0000)]
  0x000000001987c000 JavaThread "Execution worker for ':'" [_thread_blocked, id=7596, stack(0x000000005f8b0000,0x000000005f9b0000)]
  0x0000000019882000 JavaThread "Cache worker for file content cache (C:\Users\ASUS\AndroidStudioProjects\MyChat\.gradle\6.5\fileContent)" [_thread_blocked, id=7632, stack(0x000000005f7b0000,0x000000005f8b0000)]
  0x000000001987e000 JavaThread "Cache worker for Build Output Cleanup Cache (C:\Users\ASUS\AndroidStudioProjects\MyChat\.gradle\buildOutputCleanup)" [_thread_blocked, id=1052, stack(0x000000005f6b0000,0x000000005f7b0000)]
  0x000000001987f000 JavaThread "jar transforms Thread 1692" [_thread_blocked, id=2024, stack(0x000000005f5b0000,0x000000005f6b0000)]
  0x000000001b1d9000 JavaThread "jar transforms Thread 1691" [_thread_blocked, id=2228, stack(0x000000005f4b0000,0x000000005f5b0000)]
  0x000000001b1d8800 JavaThread "jar transforms Thread 1690" [_thread_blocked, id=6432, stack(0x000000005f3b0000,0x000000005f4b0000)]
  0x000000001b1d7800 JavaThread "jar transforms Thread 1689" [_thread_blocked, id=6632, stack(0x000000005f2b0000,0x000000005f3b0000)]
  0x000000001b1d5800 JavaThread "jar transforms Thread 1688" [_thread_blocked, id=5684, stack(0x000000005f1b0000,0x000000005f2b0000)]
  0x000000001b1d4800 JavaThread "jar transforms Thread 1687" [_thread_blocked, id=5468, stack(0x000000005f0b0000,0x000000005f1b0000)]
  0x000000001b1d7000 JavaThread "jar transforms Thread 1686" [_thread_blocked, id=4424, stack(0x000000005efb0000,0x000000005f0b0000)]
  0x000000001b1d4000 JavaThread "jar transforms Thread 1685" [_thread_blocked, id=7540, stack(0x000000005eeb0000,0x000000005efb0000)]
  0x000000001b1d6000 JavaThread "jar transforms Thread 1684" [_thread_blocked, id=5020, stack(0x000000005edb0000,0x000000005eeb0000)]
  0x000000001b1cc800 JavaThread "jar transforms Thread 1683" [_thread_blocked, id=7484, stack(0x000000005ecb0000,0x000000005edb0000)]
  0x000000001b1d3000 JavaThread "jar transforms Thread 1682" [_thread_blocked, id=2908, stack(0x000000005ebb0000,0x000000005ecb0000)]
  0x000000001b1ca800 JavaThread "jar transforms Thread 1681" [_thread_blocked, id=3108, stack(0x000000005eab0000,0x000000005ebb0000)]
  0x000000001b1d1800 JavaThread "jar transforms Thread 1680" [_thread_blocked, id=5180, stack(0x000000005e9b0000,0x000000005eab0000)]
  0x000000001b1d0000 JavaThread "jar transforms Thread 1679" [_thread_blocked, id=1984, stack(0x000000005e8b0000,0x000000005e9b0000)]
  0x000000001b1cf800 JavaThread "jar transforms Thread 1678" [_thread_blocked, id=1324, stack(0x000000005e7b0000,0x000000005e8b0000)]
  0x000000001b1ce800 JavaThread "jar transforms Thread 1677" [_thread_blocked, id=3384, stack(0x000000005e6b0000,0x000000005e7b0000)]
  0x000000001b1ca000 JavaThread "jar transforms Thread 1676" [_thread_blocked, id=6904, stack(0x000000005e5b0000,0x000000005e6b0000)]
  0x000000001e0f1800 JavaThread "jar transforms Thread 1675" [_thread_blocked, id=6868, stack(0x000000005e4b0000,0x000000005e5b0000)]
  0x000000001e0f0000 JavaThread "jar transforms Thread 1674" [_thread_blocked, id=2480, stack(0x000000005e3b0000,0x000000005e4b0000)]
  0x000000001e0ef800 JavaThread "jar transforms Thread 1673" [_thread_blocked, id=528, stack(0x000000005e2b0000,0x000000005e3b0000)]
  0x000000001e0ee000 JavaThread "jar transforms Thread 1672" [_thread_blocked, id=5712, stack(0x000000005e1b0000,0x000000005e2b0000)]
  0x000000001e0f2800 JavaThread "jar transforms Thread 1671" [_thread_blocked, id=7068, stack(0x000000005e0b0000,0x000000005e1b0000)]
  0x000000001e0ed000 JavaThread "jar transforms Thread 1670" [_thread_blocked, id=7496, stack(0x000000005dfb0000,0x000000005e0b0000)]
  0x000000001e0f4000 JavaThread "jar transforms Thread 1669" [_thread_blocked, id=6232, stack(0x000000005deb0000,0x000000005dfb0000)]
  0x000000001e0ee800 JavaThread "jar transforms Thread 1668" [_thread_blocked, id=1820, stack(0x000000005ddb0000,0x000000005deb0000)]
  0x000000001e0f3000 JavaThread "jar transforms Thread 1667" [_thread_blocked, id=2416, stack(0x000000005dcb0000,0x000000005ddb0000)]
  0x000000001e0e5800 JavaThread "jar transforms Thread 1666" [_thread_blocked, id=1416, stack(0x000000005dbb0000,0x000000005dcb0000)]
  0x000000001e0ec800 JavaThread "jar transforms Thread 1665" [_thread_blocked, id=4508, stack(0x000000005dab0000,0x000000005dbb0000)]
  0x000000001e0eb800 JavaThread "jar transforms Thread 1664" [_thread_blocked, id=4492, stack(0x000000005d9b0000,0x000000005dab0000)]
  0x000000001e0ea000 JavaThread "jar transforms Thread 1663" [_thread_blocked, id=4484, stack(0x000000005d8b0000,0x000000005d9b0000)]
  0x000000001e0e6800 JavaThread "jar transforms Thread 1662" [_thread_blocked, id=6596, stack(0x000000005d7b0000,0x000000005d8b0000)]
  0x000000001e0e7000 JavaThread "jar transforms Thread 1661" [_thread_blocked, id=8156, stack(0x000000005d6b0000,0x000000005d7b0000)]
  0x000000001e0e9800 JavaThread "jar transforms Thread 1660" [_thread_blocked, id=560, stack(0x000000005d5b0000,0x000000005d6b0000)]
  0x000000001de8c000 JavaThread "jar transforms Thread 1659" [_thread_blocked, id=4960, stack(0x000000005d4b0000,0x000000005d5b0000)]
  0x000000001de8b000 JavaThread "jar transforms Thread 1658" [_thread_blocked, id=6004, stack(0x000000005d3b0000,0x000000005d4b0000)]
  0x000000001de8a800 JavaThread "jar transforms Thread 1657" [_thread_blocked, id=2456, stack(0x000000005d2b0000,0x000000005d3b0000)]
  0x000000001de89800 JavaThread "jar transforms Thread 1656" [_thread_blocked, id=2948, stack(0x000000005d1b0000,0x000000005d2b0000)]
  0x000000001de88000 JavaThread "jar transforms Thread 1655" [_thread_blocked, id=6160, stack(0x000000005d0b0000,0x000000005d1b0000)]
  0x000000001de80800 JavaThread "jar transforms Thread 1654" [_thread_blocked, id=5172, stack(0x000000005cfb0000,0x000000005d0b0000)]
  0x000000001de86800 JavaThread "jar transforms Thread 1653" [_thread_blocked, id=236, stack(0x000000005ceb0000,0x000000005cfb0000)]
  0x000000001de86000 JavaThread "jar transforms Thread 1652" [_thread_blocked, id=744, stack(0x000000005cdb0000,0x000000005ceb0000)]
  0x000000001de87800 JavaThread "jar transforms Thread 1651" [_thread_blocked, id=8056, stack(0x000000005ccb0000,0x000000005cdb0000)]
  0x000000001de85000 JavaThread "jar transforms Thread 1650" [_thread_blocked, id=2132, stack(0x000000005cbb0000,0x000000005ccb0000)]
  0x000000001de7e800 JavaThread "jar transforms Thread 1649" [_thread_blocked, id=7444, stack(0x000000005cab0000,0x000000005cbb0000)]
  0x000000001de7d800 JavaThread "jar transforms Thread 1648" [_thread_blocked, id=4780, stack(0x000000005c9b0000,0x000000005cab0000)]
  0x000000001de80000 JavaThread "jar transforms Thread 1647" [_thread_blocked, id=6688, stack(0x000000005c8b0000,0x000000005c9b0000)]
  0x000000001de7f000 JavaThread "jar transforms Thread 1646" [_thread_blocked, id=5680, stack(0x000000005c7b0000,0x000000005c8b0000)]
  0x000000001de84800 JavaThread "jar transforms Thread 1645" [_thread_blocked, id=2188, stack(0x000000005c6b0000,0x000000005c7b0000)]
  0x000000001de82000 JavaThread "jar transforms Thread 1644" [_thread_blocked, id=6836, stack(0x000000005c5b0000,0x000000005c6b0000)]
  0x000000001bd41800 JavaThread "jar transforms Thread 1643" [_thread_blocked, id=7316, stack(0x000000005c4b0000,0x000000005c5b0000)]
  0x000000001bd40000 JavaThread "jar transforms Thread 1642" [_thread_blocked, id=2052, stack(0x000000005c3b0000,0x000000005c4b0000)]
  0x000000001bd3e800 JavaThread "jar transforms Thread 1641" [_thread_blocked, id=5036, stack(0x000000005c2b0000,0x000000005c3b0000)]
  0x000000001bd3d800 JavaThread "jar transforms Thread 1640" [_thread_blocked, id=6352, stack(0x000000005c1b0000,0x000000005c2b0000)]
  0x000000001bd3f000 JavaThread "jar transforms Thread 1639" [_thread_blocked, id=6204, stack(0x000000005c0b0000,0x000000005c1b0000)]
  0x000000001bd3d000 JavaThread "jar transforms Thread 1638" [_thread_blocked, id=5200, stack(0x000000005bfb0000,0x000000005c0b0000)]
  0x000000001bd40800 JavaThread "jar transforms Thread 1637" [_thread_blocked, id=7868, stack(0x000000005beb0000,0x000000005bfb0000)]
  0x000000001bd42000 JavaThread "jar transforms Thread 1636" [_thread_blocked, id=4276, stack(0x000000005bdb0000,0x000000005beb0000)]
  0x000000001bd35800 JavaThread "jar transforms Thread 1635" [_thread_blocked, id=4496, stack(0x000000005bcb0000,0x000000005bdb0000)]
  0x000000001bd3c000 JavaThread "jar transforms Thread 1634" [_thread_blocked, id=1892, stack(0x000000005bbb0000,0x000000005bcb0000)]
  0x000000001bd34800 JavaThread "jar transforms Thread 1633" [_thread_blocked, id=3804, stack(0x000000005bab0000,0x000000005bbb0000)]
  0x000000001bd36000 JavaThread "jar transforms Thread 1632" [_thread_blocked, id=3920, stack(0x000000005b9b0000,0x000000005bab0000)]
  0x000000001bd3b800 JavaThread "jar transforms Thread 1631" [_thread_blocked, id=2020, stack(0x000000005b8b0000,0x000000005b9b0000)]
  0x000000001bd3a800 JavaThread "jar transforms Thread 1630" [_thread_blocked, id=2272, stack(0x000000005b7b0000,0x000000005b8b0000)]
  0x000000001bd33000 JavaThread "jar transforms Thread 1629" [_thread_blocked, id=2696, stack(0x000000005b6b0000,0x000000005b7b0000)]
  0x000000001bd37800 JavaThread "jar transforms Thread 1628" [_thread_blocked, id=7916, stack(0x000000005b5b0000,0x000000005b6b0000)]
  0x000000001bd3a000 JavaThread "jar transforms Thread 1627" [_thread_blocked, id=900, stack(0x000000005b4b0000,0x000000005b5b0000)]
  0x000000001bd37000 JavaThread "jar transforms Thread 1626" [_thread_blocked, id=7792, stack(0x000000005b3b0000,0x000000005b4b0000)]
  0x0000000027bf3800 JavaThread "jar transforms Thread 1625" [_thread_blocked, id=4672, stack(0x000000005b2b0000,0x000000005b3b0000)]
  0x0000000027bf1000 JavaThread "jar transforms Thread 1624" [_thread_blocked, id=424, stack(0x000000005b1b0000,0x000000005b2b0000)]
  0x0000000027bf2000 JavaThread "jar transforms Thread 1623" [_thread_blocked, id=6312, stack(0x000000005b0b0000,0x000000005b1b0000)]
  0x0000000027bf0800 JavaThread "jar transforms Thread 1622" [_thread_blocked, id=5024, stack(0x000000005afb0000,0x000000005b0b0000)]
  0x0000000027bf2800 JavaThread "jar transforms Thread 1621" [_thread_blocked, id=8084, stack(0x000000005aeb0000,0x000000005afb0000)]
  0x0000000027be8000 JavaThread "jar transforms Thread 1620" [_thread_blocked, id=7440, stack(0x000000005adb0000,0x000000005aeb0000)]
  0x0000000027bef000 JavaThread "jar transforms Thread 1619" [_thread_blocked, id=7896, stack(0x000000005acb0000,0x000000005adb0000)]
  0x0000000027be7800 JavaThread "jar transforms Thread 1618" [_thread_blocked, id=3128, stack(0x000000005abb0000,0x000000005acb0000)]
  0x0000000027bee000 JavaThread "jar transforms Thread 1617" [_thread_blocked, id=7900, stack(0x000000005aab0000,0x000000005abb0000)]
  0x0000000027be9000 JavaThread "jar transforms Thread 1616" [_thread_blocked, id=4160, stack(0x000000005a9b0000,0x000000005aab0000)]
  0x0000000027be6800 JavaThread "jar transforms Thread 1615" [_thread_blocked, id=220, stack(0x000000005a8b0000,0x000000005a9b0000)]
  0x0000000027bed800 JavaThread "jar transforms Thread 1614" [_thread_blocked, id=6888, stack(0x000000005a7b0000,0x000000005a8b0000)]
  0x0000000027be6000 JavaThread "jar transforms Thread 1613" [_thread_blocked, id=2296, stack(0x000000005a6b0000,0x000000005a7b0000)]
  0x0000000027bec800 JavaThread "jar transforms Thread 1612" [_thread_blocked, id=4976, stack(0x000000005a5b0000,0x000000005a6b0000)]
  0x0000000027bec000 JavaThread "jar transforms Thread 1611" [_thread_blocked, id=1568, stack(0x000000005a4b0000,0x000000005a5b0000)]
  0x0000000027be4800 JavaThread "jar transforms Thread 1610" [_thread_blocked, id=1116, stack(0x000000005a3b0000,0x000000005a4b0000)]
  0x0000000027bea800 JavaThread "jar transforms Thread 1609" [_thread_blocked, id=812, stack(0x000000005a2b0000,0x000000005a3b0000)]
  0x0000000027beb000 JavaThread "jar transforms Thread 1608" [_thread_blocked, id=6944, stack(0x000000005a1b0000,0x000000005a2b0000)]
  0x0000000020dda800 JavaThread "jar transforms Thread 1607" [_thread_blocked, id=1248, stack(0x000000005a0b0000,0x000000005a1b0000)]
  0x0000000020dd7800 JavaThread "jar transforms Thread 1606" [_thread_blocked, id=7020, stack(0x0000000059fb0000,0x000000005a0b0000)]
  0x0000000020dd4800 JavaThread "jar transforms Thread 1605" [_thread_blocked, id=7528, stack(0x0000000059eb0000,0x0000000059fb0000)]
  0x0000000020dd6800 JavaThread "jar transforms Thread 1604" [_thread_blocked, id=1320, stack(0x0000000059db0000,0x0000000059eb0000)]
  0x0000000020dd9000 JavaThread "jar transforms Thread 1603" [_thread_blocked, id=4612, stack(0x0000000059cb0000,0x0000000059db0000)]
  0x0000000020dd6000 JavaThread "jar transforms Thread 1602" [_thread_blocked, id=4236, stack(0x0000000059bb0000,0x0000000059cb0000)]
  0x0000000020dd9800 JavaThread "jar transforms Thread 1601" [_thread_blocked, id=5748, stack(0x0000000059ab0000,0x0000000059bb0000)]
  0x0000000020dd8000 JavaThread "jar transforms Thread 1600" [_thread_blocked, id=228, stack(0x00000000599b0000,0x0000000059ab0000)]
  0x0000000020dd5000 JavaThread "jar transforms Thread 1599" [_thread_blocked, id=1164, stack(0x00000000598b0000,0x00000000599b0000)]
  0x0000000020dcd800 JavaThread "Build operations Thread 4" [_thread_blocked, id=5696, stack(0x00000000597b0000,0x00000000598b0000)]
  0x0000000020dd0000 JavaThread "Build operations Thread 3" [_thread_blocked, id=536, stack(0x00000000596b0000,0x00000000597b0000)]
  0x0000000020dcf000 JavaThread "Build operations Thread 2" [_thread_blocked, id=4556, stack(0x00000000595b0000,0x00000000596b0000)]
  0x0000000020dd3800 JavaThread "Build operations" [_thread_blocked, id=7808, stack(0x00000000594b0000,0x00000000595b0000)]
  0x0000000020dd2000 JavaThread "Cache worker for cache directory md-rule (C:\Users\ASUS\.gradle\caches\6.5\md-rule)" [_thread_blocked, id=6536, stack(0x00000000593b0000,0x00000000594b0000)]
  0x0000000020dd1800 JavaThread "Cache worker for cache directory md-supplier (C:\Users\ASUS\.gradle\caches\6.5\md-supplier)" [_thread_blocked, id=5308, stack(0x00000000592b0000,0x00000000593b0000)]
  0x0000000020dcc000 JavaThread "Cache worker for checksums cache (C:\Users\ASUS\AndroidStudioProjects\MyChat\.gradle\checksums)" [_thread_blocked, id=4448, stack(0x00000000591b0000,0x00000000592b0000)]
  0x0000000020dd3000 JavaThread "Cache worker for file hash cache (C:\Users\ASUS\AndroidStudioProjects\MyChat\.gradle\6.5\fileHashes)" [_thread_blocked, id=1396, stack(0x00000000590b0000,0x00000000591b0000)]
  0x0000000020dd0800 JavaThread "Thread-2039" [_thread_blocked, id=8008, stack(0x0000000058fb0000,0x00000000590b0000)]
  0x0000000020dce800 JavaThread "Stdin handler" [_thread_blocked, id=3032, stack(0x0000000058eb0000,0x0000000058fb0000)]
  0x000000001995c000 JavaThread "Asynchronous log dispatcher for DefaultDaemonConnection: socket connection from /127.0.0.1:50678 to /127.0.0.1:51041" [_thread_blocked, id=5480, stack(0x0000000058db0000,0x0000000058eb0000)]
  0x000000001995a800 JavaThread "Daemon worker Thread 14" [_thread_blocked, id=4052, stack(0x0000000058cb0000,0x0000000058db0000)]
  0x000000001995a000 JavaThread "Cancel handler" [_thread_blocked, id=5116, stack(0x0000000058bb0000,0x0000000058cb0000)]
  0x000000001995e800 JavaThread "Handler for socket connection from /127.0.0.1:50678 to /127.0.0.1:51041" [_thread_in_native, id=5440, stack(0x0000000058ab0000,0x0000000058bb0000)]
  0x0000000019960000 JavaThread "Daemon Thread 14" [_thread_blocked, id=1100, stack(0x00000000589b0000,0x0000000058ab0000)]
  0x000000001987c800 JavaThread "Cache worker for Java compile cache (C:\Users\ASUS\.gradle\caches\6.5\javaCompile)" [_thread_blocked, id=7680, stack(0x000000002cfc0000,0x000000002d0c0000)]
  0x000000001995d800 JavaThread "MarlinRenderer Disposer" daemon [_thread_blocked, id=6680, stack(0x000000002bec0000,0x000000002bfc0000)]
  0x000000001995d000 JavaThread "Java2D Disposer" daemon [_thread_blocked, id=7668, stack(0x000000002bdc0000,0x000000002bec0000)]
  0x000000001988b000 JavaThread "Memory manager" [_thread_blocked, id=7284, stack(0x0000000029300000,0x0000000029400000)]
  0x00000000191f1800 JavaThread "Cache worker for file content cache (C:\Users\ASUS\.gradle\caches\6.5\fileContent)" [_thread_blocked, id=4724, stack(0x000000001f9b0000,0x000000001fab0000)]
  0x00000000191f2800 JavaThread "Cache worker for execution history cache (C:\Users\ASUS\.gradle\caches\6.5\executionHistory)" [_thread_blocked, id=3816, stack(0x000000001f1b0000,0x000000001f2b0000)]
  0x00000000191f0000 JavaThread "Cache worker for file hash cache (C:\Users\ASUS\.gradle\caches\6.5\fileHashes)" [_thread_blocked, id=7588, stack(0x000000001e6b0000,0x000000001e7b0000)]
  0x00000000191f4000 JavaThread "File lock request listener" [_thread_in_native, id=7096, stack(0x000000001d5e0000,0x000000001d6e0000)]
  0x00000000191f3000 JavaThread "Cache worker for journal cache (C:\Users\ASUS\.gradle\caches\journal-1)" [_thread_blocked, id=4872, stack(0x000000001d3e0000,0x000000001d4e0000)]
  0x000000001b0ec000 JavaThread "Daemon periodic checks" [_thread_blocked, id=5224, stack(0x000000001c7e0000,0x000000001c8e0000)]
  0x000000001b074800 JavaThread "Incoming local TCP Connector on port 50678" [_thread_in_native, id=5100, stack(0x000000001c5a0000,0x000000001c6a0000)]
  0x000000001aff0800 JavaThread "Daemon health stats" [_thread_blocked, id=7456, stack(0x000000001bf60000,0x000000001c060000)]
  0x0000000018fe0800 JavaThread "Service Thread" daemon [_thread_blocked, id=4560, stack(0x00000000193c0000,0x00000000194c0000)]
  0x0000000017672800 JavaThread "C1 CompilerThread2" daemon [_thread_blocked, id=3680, stack(0x0000000018ec0000,0x0000000018fc0000)]
  0x000000001766b000 JavaThread "C2 CompilerThread1" daemon [_thread_blocked, id=4972, stack(0x0000000018dc0000,0x0000000018ec0000)]
  0x0000000017667000 JavaThread "C2 CompilerThread0" daemon [_thread_blocked, id=6132, stack(0x0000000018cc0000,0x0000000018dc0000)]
  0x0000000017666000 JavaThread "Attach Listener" daemon [_thread_blocked, id=4072, stack(0x0000000018bc0000,0x0000000018cc0000)]
  0x0000000017661800 JavaThread "Signal Dispatcher" daemon [_thread_blocked, id=1988, stack(0x0000000018ac0000,0x0000000018bc0000)]
  0x0000000002a3b800 JavaThread "Finalizer" daemon [_thread_blocked, id=4184, stack(0x00000000188d0000,0x00000000189d0000)]
  0x0000000017649000 JavaThread "Reference Handler" daemon [_thread_blocked, id=2780, stack(0x00000000187d0000,0x00000000188d0000)]
  0x0000000002940800 JavaThread "main" [_thread_blocked, id=4388, stack(0x0000000002770000,0x0000000002870000)]

Other Threads:
  0x0000000017626800 VMThread [stack: 0x00000000186d0000,0x00000000187d0000] [id=7240]
  0x00000000176bd800 WatcherThread [stack: 0x00000000194c0000,0x00000000195c0000] [id=4924]

=>0x0000000002957000 (exited) GCTaskThread [stack: 0x00000000124c0000,0x00000000125c0000] [id=4076]

VM state:at safepoint (normal execution)

VM Mutex/Monitor currently owned by a thread:  ([mutex/lock_event])
[0x000000000293c250] Threads_lock - owner thread: 0x0000000017626800
[0x000000000293cbd0] Heap_lock - owner thread: 0x0000000019887000

heap address: 0x0000000080000000, size: 2048 MB, Compressed Oops mode: 32-bit
Narrow klass base: 0x0000000000000000, Narrow klass shift: 3
Compressed class space size: 1073741824 Address: 0x0000000100000000

Heap:
 PSYoungGen      total 502272K, used 449744K [0x00000000d5580000, 0x00000000fd200000, 0x0000000100000000)
  eden space 372224K, 100% used [0x00000000d5580000,0x00000000ec100000,0x00000000ec100000)
  from space 130048K, 59% used [0x00000000f5300000,0x00000000f9eb4020,0x00000000fd200000)
  to   space 139776K, 62% used [0x00000000ec100000,0x00000000f15b7160,0x00000000f4980000)
 ParOldGen       total 253440K, used 123389K [0x0000000080000000, 0x000000008f780000, 0x00000000d5580000)
  object space 253440K, 48% used [0x0000000080000000,0x000000008787f4d8,0x000000008f780000)
 Metaspace       used 153398K, capacity 162246K, committed 162456K, reserved 1191936K
  class space    used 18897K, capacity 20376K, committed 20400K, reserved 1048576K

Card table byte_map: [0x0000000011e00000,0x0000000012210000] byte_map_base: 0x0000000011a00000

Marking Bits: (ParMarkBitMap*) 0x000000006facf030
 Begin Bits: [0x00000000128c0000, 0x00000000148c0000)
 End Bits:   [0x00000000148c0000, 0x00000000168c0000)

Polling page: 0x0000000002680000

CodeCache: size=245760Kb used=75803Kb max_used=75803Kb free=169956Kb
 bounds [0x0000000002a40000, 0x00000000074c0000, 0x0000000011a40000]
 total_blobs=22092 nmethods=21100 adapters=902
 compilation: enabled

Compilation events (10 events):
Event: 6823.041 Thread 0x0000000017672800 27535       3       org.apache.xerces.impl.XMLEntityScanner::setCurrentEntity (6 bytes)
Event: 6823.041 Thread 0x0000000017672800 nmethod 27535 0x000000000747c550 code [0x000000000747c6a0, 0x000000000747c810]
Event: 6823.041 Thread 0x0000000017672800 27536       3       org.apache.xerces.impl.XMLEntityManager::getEntityScanner (54 bytes)
Event: 6823.082 Thread 0x0000000017672800 nmethod 27536 0x00000000074b9b10 code [0x00000000074b9c80, 0x00000000074ba0d0]
Event: 6823.082 Thread 0x0000000017672800 27537       3       org.apache.xerces.util.SymbolTable::addSymbol0 (103 bytes)
Event: 6823.107 Thread 0x0000000017672800 nmethod 27537 0x00000000074ba250 code [0x00000000074ba440, 0x00000000074bac38]
Event: 6823.334 Thread 0x0000000017672800 27538   !   3       android.databinding.tool.reflection.SdkUtil$ApiChecker::getSince (44 bytes)
Event: 6823.335 Thread 0x0000000017672800 nmethod 27538 0x00000000074bb110 code [0x00000000074bb2c0, 0x00000000074bb8f8]
Event: 6823.335 Thread 0x0000000017672800 27539       3       android.databinding.tool.reflection.SdkUtil$ApiChecker::cacheKey (24 bytes)
Event: 6823.336 Thread 0x0000000017672800 nmethod 27539 0x00000000074bbb50 code [0x00000000074bbd20, 0x00000000074bc538]

GC Heap History (10 events):
Event: 6405.589 GC heap after
Heap after GC invocations=56 (full 6):
 PSYoungGen      total 483328K, used 91460K [0x00000000d5580000, 0x00000000fca00000, 0x0000000100000000)
  eden space 330240K, 0% used [0x00000000d5580000,0x00000000d5580000,0x00000000e9800000)
  from space 153088K, 59% used [0x00000000f3480000,0x00000000f8dd12e0,0x00000000fca00000)
  to   space 156672K, 0% used [0x00000000e9800000,0x00000000e9800000,0x00000000f3100000)
 ParOldGen       total 253440K, used 122465K [0x0000000080000000, 0x000000008f780000, 0x00000000d5580000)
  object space 253440K, 48% used [0x0000000080000000,0x00000000877984b8,0x000000008f780000)
 Metaspace       used 149681K, capacity 156648K, committed 156824K, reserved 1185792K
  class space    used 18401K, capacity 19623K, committed 19632K, reserved 1048576K
}
Event: 6506.137 GC heap before
{Heap before GC invocations=57 (full 6):
 PSYoungGen      total 483328K, used 421700K [0x00000000d5580000, 0x00000000fca00000, 0x0000000100000000)
  eden space 330240K, 100% used [0x00000000d5580000,0x00000000e9800000,0x00000000e9800000)
  from space 153088K, 59% used [0x00000000f3480000,0x00000000f8dd12e0,0x00000000fca00000)
  to   space 156672K, 0% used [0x00000000e9800000,0x00000000e9800000,0x00000000f3100000)
 ParOldGen       total 253440K, used 122465K [0x0000000080000000, 0x000000008f780000, 0x00000000d5580000)
  object space 253440K, 48% used [0x0000000080000000,0x00000000877984b8,0x000000008f780000)
 Metaspace       used 149776K, capacity 156856K, committed 157080K, reserved 1187840K
  class space    used 18402K, capacity 19623K, committed 19632K, reserved 1048576K
Event: 6508.088 GC heap after
Heap after GC invocations=57 (full 6):
 PSYoungGen      total 486912K, used 81263K [0x00000000d5580000, 0x00000000fdc00000, 0x0000000100000000)
  eden space 330240K, 0% used [0x00000000d5580000,0x00000000d5580000,0x00000000e9800000)
  from space 156672K, 51% used [0x00000000e9800000,0x00000000ee75bd30,0x00000000f3100000)
  to   space 152064K, 0% used [0x00000000f4780000,0x00000000f4780000,0x00000000fdc00000)
 ParOldGen       total 253440K, used 122473K [0x0000000080000000, 0x000000008f780000, 0x00000000d5580000)
  object space 253440K, 48% used [0x0000000080000000,0x000000008779a4b8,0x000000008f780000)
 Metaspace       used 149776K, capacity 156856K, committed 157080K, reserved 1187840K
  class space    used 18402K, capacity 19623K, committed 19632K, reserved 1048576K
}
Event: 6590.908 GC heap before
{Heap before GC invocations=58 (full 6):
 PSYoungGen      total 486912K, used 411503K [0x00000000d5580000, 0x00000000fdc00000, 0x0000000100000000)
  eden space 330240K, 100% used [0x00000000d5580000,0x00000000e9800000,0x00000000e9800000)
  from space 156672K, 51% used [0x00000000e9800000,0x00000000ee75bd30,0x00000000f3100000)
  to   space 152064K, 0% used [0x00000000f4780000,0x00000000f4780000,0x00000000fdc00000)
 ParOldGen       total 253440K, used 122473K [0x0000000080000000, 0x000000008f780000, 0x00000000d5580000)
  object space 253440K, 48% used [0x0000000080000000,0x000000008779a4b8,0x000000008f780000)
 Metaspace       used 149864K, capacity 156874K, committed 157080K, reserved 1187840K
  class space    used 18404K, capacity 19626K, committed 19632K, reserved 1048576K
Event: 6591.048 GC heap after
Heap after GC invocations=58 (full 6):
 PSYoungGen      total 494592K, used 82370K [0x00000000d5580000, 0x00000000fd100000, 0x0000000100000000)
  eden space 353792K, 0% used [0x00000000d5580000,0x00000000d5580000,0x00000000eaf00000)
  from space 140800K, 58% used [0x00000000f4780000,0x00000000f97f0b98,0x00000000fd100000)
  to   space 148480K, 0% used [0x00000000eaf00000,0x00000000eaf00000,0x00000000f4000000)
 ParOldGen       total 253440K, used 122481K [0x0000000080000000, 0x000000008f780000, 0x00000000d5580000)
  object space 253440K, 48% used [0x0000000080000000,0x000000008779c4b8,0x000000008f780000)
 Metaspace       used 149864K, capacity 156874K, committed 157080K, reserved 1187840K
  class space    used 18404K, capacity 19626K, committed 19632K, reserved 1048576K
}
Event: 6695.640 GC heap before
{Heap before GC invocations=59 (full 6):
 PSYoungGen      total 494592K, used 435656K [0x00000000d5580000, 0x00000000fd100000, 0x0000000100000000)
  eden space 353792K, 99% used [0x00000000d5580000,0x00000000eae81520,0x00000000eaf00000)
  from space 140800K, 58% used [0x00000000f4780000,0x00000000f97f0b98,0x00000000fd100000)
  to   space 148480K, 0% used [0x00000000eaf00000,0x00000000eaf00000,0x00000000f4000000)
 ParOldGen       total 253440K, used 122481K [0x0000000080000000, 0x000000008f780000, 0x00000000d5580000)
  object space 253440K, 48% used [0x0000000080000000,0x000000008779c4b8,0x000000008f780000)
 Metaspace       used 151360K, capacity 160282K, committed 160536K, reserved 1189888K
  class space    used 18699K, capacity 20172K, committed 20272K, reserved 1048576K
Event: 6697.127 GC heap after
Heap after GC invocations=59 (full 6):
 PSYoungGen      total 502272K, used 84070K [0x00000000d5580000, 0x00000000fe100000, 0x0000000100000000)
  eden space 353792K, 0% used [0x00000000d5580000,0x00000000d5580000,0x00000000eaf00000)
  from space 148480K, 56% used [0x00000000eaf00000,0x00000000f0119b18,0x00000000f4000000)
  to   space 145408K, 0% used [0x00000000f5300000,0x00000000f5300000,0x00000000fe100000)
 ParOldGen       total 253440K, used 122481K [0x0000000080000000, 0x000000008f780000, 0x00000000d5580000)
  object space 253440K, 48% used [0x0000000080000000,0x000000008779c4b8,0x000000008f780000)
 Metaspace       used 151360K, capacity 160282K, committed 160536K, reserved 1189888K
  class space    used 18699K, capacity 20172K, committed 20272K, reserved 1048576K
}
Event: 6810.754 GC heap before
{Heap before GC invocations=60 (full 6):
 PSYoungGen      total 502272K, used 437862K [0x00000000d5580000, 0x00000000fe100000, 0x0000000100000000)
  eden space 353792K, 100% used [0x00000000d5580000,0x00000000eaf00000,0x00000000eaf00000)
  from space 148480K, 56% used [0x00000000eaf00000,0x00000000f0119b18,0x00000000f4000000)
  to   space 145408K, 0% used [0x00000000f5300000,0x00000000f5300000,0x00000000fe100000)
 ParOldGen       total 253440K, used 122481K [0x0000000080000000, 0x000000008f780000, 0x00000000d5580000)
  object space 253440K, 48% used [0x0000000080000000,0x000000008779c4b8,0x000000008f780000)
 Metaspace       used 151470K, capacity 160300K, committed 160536K, reserved 1189888K
  class space    used 18701K, capacity 20175K, committed 20272K, reserved 1048576K
Event: 6810.876 GC heap after
Heap after GC invocations=60 (full 6):
 PSYoungGen      total 502272K, used 77520K [0x00000000d5580000, 0x00000000fd200000, 0x0000000100000000)
  eden space 372224K, 0% used [0x00000000d5580000,0x00000000d5580000,0x00000000ec100000)
  from space 130048K, 59% used [0x00000000f5300000,0x00000000f9eb4020,0x00000000fd200000)
  to   space 139776K, 0% used [0x00000000ec100000,0x00000000ec100000,0x00000000f4980000)
 ParOldGen       total 253440K, used 123197K [0x0000000080000000, 0x000000008f780000, 0x00000000d5580000)
  object space 253440K, 48% used [0x0000000080000000,0x000000008784f4d8,0x000000008f780000)
 Metaspace       used 151470K, capacity 160300K, committed 160536K, reserved 1189888K
  class space    used 18701K, capacity 20175K, committed 20272K, reserved 1048576K
}
Event: 6823.359 GC heap before
{Heap before GC invocations=61 (full 6):
 PSYoungGen      total 502272K, used 449744K [0x00000000d5580000, 0x00000000fd200000, 0x0000000100000000)
  eden space 372224K, 100% used [0x00000000d5580000,0x00000000ec100000,0x00000000ec100000)
  from space 130048K, 59% used [0x00000000f5300000,0x00000000f9eb4020,0x00000000fd200000)
  to   space 139776K, 0% used [0x00000000ec100000,0x00000000ec100000,0x00000000f4980000)
 ParOldGen       total 253440K, used 123197K [0x0000000080000000, 0x000000008f780000, 0x00000000d5580000)
  object space 253440K, 48% used [0x0000000080000000,0x000000008784f4d8,0x000000008f780000)
 Metaspace       used 153398K, capacity 162246K, committed 162456K, reserved 1191936K
  class space    used 18897K, capacity 20376K, committed 20400K, reserved 1048576K

Deoptimization events (10 events):
Event: 6406.438 Thread 0x000000001e0ee000 Uncommon trap: reason=predicate action=maybe_recompile pc=0x0000000006a0d1e4 method=java.util.TimSort.mergeHi(IIII)V @ 191
Event: 6406.529 Thread 0x0000000019887000 Uncommon trap: reason=class_check action=maybe_recompile pc=0x0000000004b7aa78 method=com.android.tools.r8.dex.m.c(I)V @ 108
Event: 6409.988 Thread 0x0000000019884000 Uncommon trap: reason=unstable_if action=reinterpret pc=0x000000000676f818 method=java.util.concurrent.ThreadPoolExecutor.getTask()Ljava/lang/Runnable; @ 34
Event: 6409.989 Thread 0x0000000019884000 Uncommon trap: reason=unstable_if action=reinterpret pc=0x00000000064a8098 method=java.util.concurrent.locks.AbstractQueuedSynchronizer.acquireInterruptibly(I)V @ 3
Event: 6503.495 Thread 0x000000001e0f2800 Uncommon trap: reason=unstable_if action=reinterpret pc=0x0000000005e5e6b8 method=java.util.concurrent.locks.AbstractQueuedSynchronizer.hasQueuedPredecessors()Z @ 21
Event: 6505.075 Thread 0x000000001e0f4000 Uncommon trap: reason=unstable_if action=reinterpret pc=0x0000000005debe14 method=java.util.concurrent.ConcurrentLinkedQueue.poll()Ljava/lang/Object; @ 74
Event: 6587.039 Thread 0x0000000020dd4800 Uncommon trap: reason=unstable_if action=reinterpret pc=0x000000000582d1a8 method=java.util.concurrent.ConcurrentLinkedQueue.poll()Ljava/lang/Object; @ 74
Event: 6591.374 Thread 0x000000001e0ec800 Uncommon trap: reason=null_check action=make_not_entrant pc=0x0000000004908a68 method=java.lang.ThreadLocal$ThreadLocalMap.expungeStaleEntry(I)I @ 51
Event: 6697.780 Thread 0x000000001e0ec800 Uncommon trap: reason=null_check action=make_not_entrant pc=0x00000000055876a0 method=java.lang.ThreadLocal$ThreadLocalMap.set(Ljava/lang/ThreadLocal;Ljava/lang/Object;)V @ 36
Event: 6817.262 Thread 0x0000000019887000 Uncommon trap: reason=class_check action=maybe_recompile pc=0x0000000003ea8ed8 method=org.gradle.api.internal.tasks.compile.incremental.deps.ClassSetAnalysisData.getDependents(Ljava/lang/String;)Lorg/gradle/api/internal/tasks/compile/incremental/deps/Depe

Classes redefined (0 events):
No events

Internal exceptions (10 events):
Event: 6821.871 Thread 0x0000000019887000 Exception <a 'java/security/PrivilegedActionException'> (0x00000000e9da9798) thrown at [C:\src\AOSP-openjdk-git\hotspot\src\share\vm\prims\jvm.cpp, line 1502]
Event: 6821.871 Thread 0x0000000019887000 Exception <a 'java/security/PrivilegedActionException'> (0x00000000e9daa330) thrown at [C:\src\AOSP-openjdk-git\hotspot\src\share\vm\prims\jvm.cpp, line 1502]
Event: 6821.871 Thread 0x0000000019887000 Exception <a 'java/security/PrivilegedActionException'> (0x00000000e9dacc30) thrown at [C:\src\AOSP-openjdk-git\hotspot\src\share\vm\prims\jvm.cpp, line 1502]
Event: 6821.871 Thread 0x0000000019887000 Exception <a 'java/security/PrivilegedActionException'> (0x00000000e9dad818) thrown at [C:\src\AOSP-openjdk-git\hotspot\src\share\vm\prims\jvm.cpp, line 1502]
Event: 6821.872 Thread 0x0000000019887000 Exception <a 'java/security/PrivilegedActionException'> (0x00000000e9daff00) thrown at [C:\src\AOSP-openjdk-git\hotspot\src\share\vm\prims\jvm.cpp, line 1502]
Event: 6821.872 Thread 0x0000000019887000 Exception <a 'java/security/PrivilegedActionException'> (0x00000000e9db0a98) thrown at [C:\src\AOSP-openjdk-git\hotspot\src\share\vm\prims\jvm.cpp, line 1502]
Event: 6821.872 Thread 0x0000000019887000 Exception <a 'java/security/PrivilegedActionException'> (0x00000000e9db3250) thrown at [C:\src\AOSP-openjdk-git\hotspot\src\share\vm\prims\jvm.cpp, line 1502]
Event: 6821.872 Thread 0x0000000019887000 Exception <a 'java/security/PrivilegedActionException'> (0x00000000e9db3de8) thrown at [C:\src\AOSP-openjdk-git\hotspot\src\share\vm\prims\jvm.cpp, line 1502]
Event: 6821.872 Thread 0x0000000019887000 Exception <a 'java/security/PrivilegedActionException'> (0x00000000e9db66b8) thrown at [C:\src\AOSP-openjdk-git\hotspot\src\share\vm\prims\jvm.cpp, line 1502]
Event: 6821.872 Thread 0x0000000019887000 Exception <a 'java/security/PrivilegedActionException'> (0x00000000e9db7250) thrown at [C:\src\AOSP-openjdk-git\hotspot\src\share\vm\prims\jvm.cpp, line 1502]

Events (10 events):
Event: 6822.960 loading class android/databinding/tool/reflection/SdkUtil$ApiChecker done
Event: 6822.961 loading class org/apache/commons/io/FileUtils
Event: 6822.961 loading class org/apache/commons/io/FileUtils done
Event: 6822.964 loading class org/apache/commons/io/filefilter/IOFileFilter
Event: 6822.964 loading class org/apache/commons/io/filefilter/IOFileFilter done
Event: 6822.966 loading class org/apache/commons/io/output/NullOutputStream
Event: 6822.966 loading class org/apache/commons/io/output/NullOutputStream done
Event: 6822.981 loading class org/apache/commons/io/FileExistsException
Event: 6822.981 loading class org/apache/commons/io/FileExistsException done
Event: 6823.337 Executing VM operation: ParallelGCFailedAllocation


Dynamic libraries:
0x00007ff7bbe40000 - 0x00007ff7bbe71000 	D:\Android Studio\jre\bin\java.exe
0x00007ffe91910000 - 0x00007ffe91af1000 	C:\WINDOWS\SYSTEM32\ntdll.dll
0x00007ffe915c0000 - 0x00007ffe91671000 	C:\WINDOWS\System32\KERNEL32.DLL
0x00007ffe8eac0000 - 0x00007ffe8ed33000 	C:\WINDOWS\System32\KERNELBASE.dll
0x00007ffe90e20000 - 0x00007ffe90ec1000 	C:\WINDOWS\System32\ADVAPI32.dll
0x00007ffe8f330000 - 0x00007ffe8f3ce000 	C:\WINDOWS\System32\msvcrt.dll
0x00007ffe8f3d0000 - 0x00007ffe8f42b000 	C:\WINDOWS\System32\sechost.dll
0x00007ffe8f4d0000 - 0x00007ffe8f5f3000 	C:\WINDOWS\System32\RPCRT4.dll
0x00007ffe91680000 - 0x00007ffe91810000 	C:\WINDOWS\System32\USER32.dll
0x00007ffe8e380000 - 0x00007ffe8e3a0000 	C:\WINDOWS\System32\win32u.dll
0x00007ffe8f150000 - 0x00007ffe8f178000 	C:\WINDOWS\System32\GDI32.dll
0x00007ffe8dd70000 - 0x00007ffe8df04000 	C:\WINDOWS\System32\gdi32full.dll
0x00007ffe8e090000 - 0x00007ffe8e12f000 	C:\WINDOWS\System32\msvcp_win.dll
0x00007ffe8df90000 - 0x00007ffe8e088000 	C:\WINDOWS\System32\ucrtbase.dll
0x00007ffe7ee40000 - 0x00007ffe7f0a9000 	C:\WINDOWS\WinSxS\amd64_microsoft.windows.common-controls_6595b64144ccf1df_6.0.17134.1967_none_d401a2a77c8ec0c3\COMCTL32.dll
0x00007ffe8ee20000 - 0x00007ffe8f142000 	C:\WINDOWS\System32\combase.dll
0x00007ffe8df10000 - 0x00007ffe8df89000 	C:\WINDOWS\System32\bcryptPrimitives.dll
0x00007ffe90b00000 - 0x00007ffe90b2d000 	C:\WINDOWS\System32\IMM32.DLL
0x000000006f220000 - 0x000000006f2f2000 	D:\Android Studio\jre\jre\bin\msvcr100.dll
0x000000006f300000 - 0x000000006fb4b000 	D:\Android Studio\jre\jre\bin\server\jvm.dll
0x00007ffe91530000 - 0x00007ffe91538000 	C:\WINDOWS\System32\PSAPI.DLL
0x00007ffe86ec0000 - 0x00007ffe86ee3000 	C:\WINDOWS\SYSTEM32\WINMM.dll
0x00007ffe866f0000 - 0x00007ffe866fa000 	C:\WINDOWS\SYSTEM32\VERSION.dll
0x00007ffe8c7f0000 - 0x00007ffe8c7f9000 	C:\WINDOWS\SYSTEM32\WSOCK32.dll
0x00007ffe914c0000 - 0x00007ffe9152c000 	C:\WINDOWS\System32\WS2_32.dll
0x00007ffe86e90000 - 0x00007ffe86eba000 	C:\WINDOWS\SYSTEM32\winmmbase.dll
0x00007ffe8ed40000 - 0x00007ffe8ed89000 	C:\WINDOWS\System32\cfgmgr32.dll
0x00007ffe885f0000 - 0x00007ffe885ff000 	D:\Android Studio\jre\jre\bin\verify.dll
0x00007ffe85220000 - 0x00007ffe85249000 	D:\Android Studio\jre\jre\bin\java.dll
0x00007ffe86240000 - 0x00007ffe86256000 	D:\Android Studio\jre\jre\bin\zip.dll
0x00007ffe8f6b0000 - 0x00007ffe90af5000 	C:\WINDOWS\System32\SHELL32.dll
0x00007ffe8f600000 - 0x00007ffe8f6a8000 	C:\WINDOWS\System32\shcore.dll
0x00007ffe8e3a0000 - 0x00007ffe8eab3000 	C:\WINDOWS\System32\windows.storage.dll
0x00007ffe8f2d0000 - 0x00007ffe8f321000 	C:\WINDOWS\System32\shlwapi.dll
0x00007ffe8dc80000 - 0x00007ffe8dc91000 	C:\WINDOWS\System32\kernel.appcore.dll
0x00007ffe8dca0000 - 0x00007ffe8dcbf000 	C:\WINDOWS\System32\profapi.dll
0x00007ffe8dc10000 - 0x00007ffe8dc5c000 	C:\WINDOWS\System32\powrprof.dll
0x00007ffe8dc00000 - 0x00007ffe8dc0a000 	C:\WINDOWS\System32\FLTLIB.DLL
0x00007ffe7da80000 - 0x00007ffe7da9a000 	D:\Android Studio\jre\jre\bin\net.dll
0x00007ffe8d480000 - 0x00007ffe8d4e6000 	C:\WINDOWS\system32\mswsock.dll
0x00007ffe7c1c0000 - 0x00007ffe7c1d3000 	D:\Android Studio\jre\jre\bin\nio.dll
0x00007ffe85150000 - 0x00007ffe85177000 	C:\Users\ASUS\.gradle\native\f6784746aeab05261644944871eae4fe03e0ef1612fff0a4a95f87b438bc6780\windows-amd64\native-platform.dll
0x00007ffe885e0000 - 0x00007ffe885ed000 	D:\Android Studio\jre\jre\bin\management.dll
0x00007ffe8d630000 - 0x00007ffe8d647000 	C:\WINDOWS\SYSTEM32\CRYPTSP.dll
0x00007ffe8d030000 - 0x00007ffe8d063000 	C:\WINDOWS\system32\rsaenh.dll
0x00007ffe8d760000 - 0x00007ffe8d785000 	C:\WINDOWS\SYSTEM32\bcrypt.dll
0x00007ffe8db00000 - 0x00007ffe8db28000 	C:\WINDOWS\SYSTEM32\USERENV.dll
0x00007ffe8d650000 - 0x00007ffe8d65b000 	C:\WINDOWS\SYSTEM32\CRYPTBASE.dll
0x00007ffe8d1d0000 - 0x00007ffe8d208000 	C:\WINDOWS\SYSTEM32\IPHLPAPI.DLL
0x00007ffe90c90000 - 0x00007ffe90c98000 	C:\WINDOWS\System32\NSI.dll
0x00007ffe87ec0000 - 0x00007ffe87ed6000 	C:\WINDOWS\SYSTEM32\dhcpcsvc6.DLL
0x00007ffe87f00000 - 0x00007ffe87f1a000 	C:\WINDOWS\SYSTEM32\dhcpcsvc.DLL
0x00007ffe88330000 - 0x00007ffe8833b000 	C:\WINDOWS\SYSTEM32\WINNSI.DLL
0x00007ffe686d0000 - 0x00007ffe6886c000 	D:\Android Studio\jre\jre\bin\awt.dll
0x00007ffe91810000 - 0x00007ffe918d2000 	C:\WINDOWS\System32\OLEAUT32.dll
0x00007ffe8bfd0000 - 0x00007ffe8bff9000 	C:\WINDOWS\SYSTEM32\dwmapi.dll
0x00007ffe8a5d0000 - 0x00007ffe8ab97000 	C:\WINDOWS\SYSTEM32\d2d1.dll
0x00007ffe8b310000 - 0x00007ffe8b39b000 	C:\WINDOWS\SYSTEM32\apphelp.dll
0x00007ffe8b560000 - 0x00007ffe8b5f8000 	C:\WINDOWS\system32\uxtheme.dll
0x00007ffe8c600000 - 0x00007ffe8c7c9000 	C:\WINDOWS\SYSTEM32\dbghelp.dll

VM Arguments:
jvm_args: -Xmx2048m -Dfile.encoding=UTF-8 -Duser.country=ID -Duser.language=en -Duser.variant 
java_command: org.gradle.launcher.daemon.bootstrap.GradleDaemon 6.5
java_class_path (initial): C:\Users\ASUS\.gradle\wrapper\dists\gradle-6.5-bin\6nifqtx7604sqp1q6g8wikw7p\gradle-6.5\lib\gradle-launcher-6.5.jar
Launcher Type: SUN_STANDARD

Environment Variables:
PATH=C:\Program Files (x86)\Common Files\Oracle\Java\javapath;C:\WINDOWS\system32;C:\WINDOWS;C:\WINDOWS\System32\Wbem;C:\WINDOWS\System32\WindowsPowerShell\v1.0\;C:\Program Files (x86)\Windows Live\Shared;C:\WINDOWS\System32\OpenSSH\;C:\Program Files\MySQL\MySQL Shell 8.0\bin\;C:\Users\ASUS\AppData\Local\Microsoft\WindowsApps;
USERNAME=ASUS
OS=Windows_NT
PROCESSOR_IDENTIFIER=Intel64 Family 6 Model 61 Stepping 4, GenuineIntel



---------------  S Y S T E M  ---------------

OS: Windows 10.0 , 64 bit Build 17134 (10.0.17134.1425)

CPU:total 4 (initial active 4) (2 cores per cpu, 2 threads per core) family 6 model 61 stepping 4, cmov, cx8, fxsr, mmx, sse, sse2, sse3, ssse3, sse4.1, sse4.2, popcnt, avx, avx2, aes, clmul, erms, 3dnowpref, lzcnt, ht, tsc, tscinvbit, bmi1, bmi2, adx

Memory: 4k page, physical 3321252k(382508k free), swap 6294996k(1225068k free)

vm_info: OpenJDK 64-Bit Server VM (25.242-b01) for windows-amd64 JRE (1.8.0_242-release-1644-b01), built by "builder" with MS VC++ 10.0 (VS2010)

time: Mon Jan 18 08:32:49 2021
timezone: SE Asia Standard Time
elapsed time: 6825 seconds (0d 1h 53m 45s)

